Vivado Simulator 2020.2
Copyright 1986-1999, 2001-2020 Xilinx, Inc. All Rights Reserved.
Running: /tools/Xilinx/Vivado/2020.2/bin/unwrapped/lnx64.o/xelab -wto 7da4d51efc674d51b600c10fc6ef8842 --incr --debug typical --relax --mt 8 -L xil_defaultlib -L axi_infrastructure_v1_1_0 -L axi_vip_v1_1_8 -L processing_system7_vip_v1_0_10 -L lib_cdc_v1_0_2 -L proc_sys_reset_v5_0_13 -L xlconstant_v1_1_7 -L smartconnect_v1_0 -L axi_register_slice_v2_1_22 -L axi_bram_ctrl_v4_1_4 -L xlslice_v1_0_2 -L blk_mem_gen_v8_4_4 -L uvm -L xilinx_vip -L unisims_ver -L unimacro_ver -L secureip -L xpm --snapshot design_1_wrapper_behav xil_defaultlib.design_1_wrapper xil_defaultlib.glbl -log elaborate.log 
Using 8 slave threads.
Starting static elaboration
Pass Through NonSizing Optimizer
WARNING: [VRFC 10-3091] actual bit length 128 differs from formal bit length 64 for port 'WR_DATA_STRB' [/scratch/proj/xbuilds/SWIP/2020.2_1118_1232/infra/XSIM/lin/.cxl.ip/incl/processing_system7_vip_v1_0_10_axi_gp.v:208]
WARNING: [VRFC 10-3091] actual bit length 12 differs from formal bit length 6 for port 'm_axi_bid' [/wrk/ci/prod/2020.2/sw/continuous/733/packages/customer/vivado/data/ip/xilinx/processing_system7_vip_v1_0/hdl/processing_system7_vip_v1_0_vl_rfs.sv:5546]
WARNING: [VRFC 10-3091] actual bit length 12 differs from formal bit length 6 for port 'm_axi_rid' [/wrk/ci/prod/2020.2/sw/continuous/733/packages/customer/vivado/data/ip/xilinx/processing_system7_vip_v1_0/hdl/processing_system7_vip_v1_0_vl_rfs.sv:5564]
WARNING: [VRFC 10-3091] actual bit length 128 differs from formal bit length 64 for port 'WR_DATA_STRB' [/scratch/proj/xbuilds/SWIP/2020.2_1118_1232/infra/XSIM/lin/.cxl.ip/incl/processing_system7_vip_v1_0_10_axi_gp.v:292]
WARNING: [VRFC 10-3091] actual bit length 8 differs from formal bit length 9 for port 'WR_BYTES' [/scratch/proj/xbuilds/SWIP/2020.2_1118_1232/infra/XSIM/lin/.cxl.ip/incl/processing_system7_vip_v1_0_10_axi_hp.v:80]
WARNING: [VRFC 10-3091] actual bit length 8 differs from formal bit length 9 for port 'RD_BYTES' [/scratch/proj/xbuilds/SWIP/2020.2_1118_1232/infra/XSIM/lin/.cxl.ip/incl/processing_system7_vip_v1_0_10_axi_hp.v:89]
WARNING: [VRFC 10-3091] actual bit length 12 differs from formal bit length 6 for port 'm_axi_bid' [/wrk/ci/prod/2020.2/sw/continuous/733/packages/customer/vivado/data/ip/xilinx/processing_system7_vip_v1_0/hdl/processing_system7_vip_v1_0_vl_rfs.sv:10256]
WARNING: [VRFC 10-3091] actual bit length 12 differs from formal bit length 6 for port 'm_axi_rid' [/wrk/ci/prod/2020.2/sw/continuous/733/packages/customer/vivado/data/ip/xilinx/processing_system7_vip_v1_0/hdl/processing_system7_vip_v1_0_vl_rfs.sv:10274]
WARNING: [VRFC 10-3091] actual bit length 32 differs from formal bit length 64 for port 'm_axi_rdata' [/wrk/ci/prod/2020.2/sw/continuous/733/packages/customer/vivado/data/ip/xilinx/processing_system7_vip_v1_0/hdl/processing_system7_vip_v1_0_vl_rfs.sv:10275]
WARNING: [VRFC 10-3091] actual bit length 8 differs from formal bit length 9 for port 'WR_BYTES' [/scratch/proj/xbuilds/SWIP/2020.2_1118_1232/infra/XSIM/lin/.cxl.ip/incl/processing_system7_vip_v1_0_10_axi_hp.v:165]
WARNING: [VRFC 10-3091] actual bit length 8 differs from formal bit length 9 for port 'RD_BYTES' [/scratch/proj/xbuilds/SWIP/2020.2_1118_1232/infra/XSIM/lin/.cxl.ip/incl/processing_system7_vip_v1_0_10_axi_hp.v:174]
WARNING: [VRFC 10-3091] actual bit length 8 differs from formal bit length 9 for port 'WR_BYTES' [/scratch/proj/xbuilds/SWIP/2020.2_1118_1232/infra/XSIM/lin/.cxl.ip/incl/processing_system7_vip_v1_0_10_axi_hp.v:251]
WARNING: [VRFC 10-3091] actual bit length 8 differs from formal bit length 9 for port 'RD_BYTES' [/scratch/proj/xbuilds/SWIP/2020.2_1118_1232/infra/XSIM/lin/.cxl.ip/incl/processing_system7_vip_v1_0_10_axi_hp.v:260]
WARNING: [VRFC 10-3091] actual bit length 8 differs from formal bit length 9 for port 'WR_BYTES' [/scratch/proj/xbuilds/SWIP/2020.2_1118_1232/infra/XSIM/lin/.cxl.ip/incl/processing_system7_vip_v1_0_10_axi_hp.v:337]
WARNING: [VRFC 10-3091] actual bit length 8 differs from formal bit length 9 for port 'RD_BYTES' [/scratch/proj/xbuilds/SWIP/2020.2_1118_1232/infra/XSIM/lin/.cxl.ip/incl/processing_system7_vip_v1_0_10_axi_hp.v:346]
WARNING: [VRFC 10-3091] actual bit length 12 differs from formal bit length 3 for port 'm_axi_bid' [/wrk/ci/prod/2020.2/sw/continuous/733/packages/customer/vivado/data/ip/xilinx/processing_system7_vip_v1_0/hdl/processing_system7_vip_v1_0_vl_rfs.sv:7157]
WARNING: [VRFC 10-3091] actual bit length 12 differs from formal bit length 3 for port 'm_axi_rid' [/wrk/ci/prod/2020.2/sw/continuous/733/packages/customer/vivado/data/ip/xilinx/processing_system7_vip_v1_0/hdl/processing_system7_vip_v1_0_vl_rfs.sv:7175]
WARNING: [VRFC 10-3091] actual bit length 32 differs from formal bit length 64 for port 'm_axi_rdata' [/wrk/ci/prod/2020.2/sw/continuous/733/packages/customer/vivado/data/ip/xilinx/processing_system7_vip_v1_0/hdl/processing_system7_vip_v1_0_vl_rfs.sv:7176]
WARNING: [VRFC 10-5021] port 'mb_reset' is not connected on this instance [/home/magnus/Assignment1/Assignment1.ip_user_files/bd/design_1/sim/design_1.v:249]
WARNING: [VRFC 10-5021] port 'ENET0_GMII_RXD' is not connected on this instance [/home/magnus/Assignment1/Assignment1.ip_user_files/bd/design_1/ip/design_1_processing_system7_0_0/sim/design_1_processing_system7_0_0.v:191]
WARNING: [VRFC 10-3027] 'ocm_wr_strb_port0' was previously declared with a different range [/wrk/ci/prod/2020.2/sw/continuous/733/packages/customer/vivado/data/ip/xilinx/processing_system7_vip_v1_0/hdl/processing_system7_vip_v1_0_vl_rfs.sv:3809]
WARNING: [VRFC 10-5021] port 'mb_reset' is not connected on this instance [/home/magnus/Assignment1/Assignment1.ip_user_files/bd/design_1/ip/design_1_smartconnect_0_0/bd_0/sim/bd_48ac.v:823]
WARNING: [VRFC 10-3705] select index 64 into 'wrp_strb' is out of bounds [/wrk/ci/prod/2020.2/sw/continuous/733/packages/customer/vivado/data/ip/xilinx/processing_system7_vip_v1_0/hdl/processing_system7_vip_v1_0_vl_rfs.sv:6134]
WARNING: [VRFC 10-3705] select index 128 into 'wrp_strb' is out of bounds [/wrk/ci/prod/2020.2/sw/continuous/733/packages/customer/vivado/data/ip/xilinx/processing_system7_vip_v1_0/hdl/processing_system7_vip_v1_0_vl_rfs.sv:10898]
WARNING: [VRFC 10-3705] select index 128 into 'wrp_strb' is out of bounds [/wrk/ci/prod/2020.2/sw/continuous/733/packages/customer/vivado/data/ip/xilinx/processing_system7_vip_v1_0/hdl/processing_system7_vip_v1_0_vl_rfs.sv:7772]
WARNING: [VRFC 10-3705] select index 4 into 'wr_fifo_rd_ptr' is out of bounds [/wrk/ci/prod/2020.2/sw/continuous/733/packages/customer/vivado/data/ip/xilinx/processing_system7_vip_v1_0/hdl/processing_system7_vip_v1_0_vl_rfs.sv:7985]
WARNING: [VRFC 10-3705] select index 4 into 'ar_cnt' is out of bounds [/wrk/ci/prod/2020.2/sw/continuous/733/packages/customer/vivado/data/ip/xilinx/processing_system7_vip_v1_0/hdl/processing_system7_vip_v1_0_vl_rfs.sv:8124]
WARNING: [VRFC 10-3705] select index 4 into 'wr_rresp_cnt' is out of bounds [/wrk/ci/prod/2020.2/sw/continuous/733/packages/customer/vivado/data/ip/xilinx/processing_system7_vip_v1_0/hdl/processing_system7_vip_v1_0_vl_rfs.sv:8221]
WARNING: [VRFC 10-3705] select index 4 into 'rd_fifo_wr_ptr' is out of bounds [/wrk/ci/prod/2020.2/sw/continuous/733/packages/customer/vivado/data/ip/xilinx/processing_system7_vip_v1_0/hdl/processing_system7_vip_v1_0_vl_rfs.sv:8240]
WARNING: [VRFC 10-3705] select index 4 into 'rd_cnt' is out of bounds [/wrk/ci/prod/2020.2/sw/continuous/733/packages/customer/vivado/data/ip/xilinx/processing_system7_vip_v1_0/hdl/processing_system7_vip_v1_0_vl_rfs.sv:8381]
WARNING: [VRFC 10-3705] select index 4 into 'rresp_time_cnt' is out of bounds [/wrk/ci/prod/2020.2/sw/continuous/733/packages/customer/vivado/data/ip/xilinx/processing_system7_vip_v1_0/hdl/processing_system7_vip_v1_0_vl_rfs.sv:8386]
WARNING: [VRFC 10-3705] select index 4 into 'rd_fifo_rd_ptr' is out of bounds [/wrk/ci/prod/2020.2/sw/continuous/733/packages/customer/vivado/data/ip/xilinx/processing_system7_vip_v1_0/hdl/processing_system7_vip_v1_0_vl_rfs.sv:8391]
Completed static elaboration
Starting simulation data flow analysis
Completed simulation data flow analysis
Time Resolution for simulation is 1ps
Compiling package std.standard
Compiling package std.textio
Compiling package ieee.std_logic_1164
Compiling package ieee.numeric_std
Compiling package ieee.std_logic_arith
Compiling package xpm.vcomponents
Compiling package axi_bram_ctrl_v4_1_4.axi_bram_ctrl_funcs
Compiling package ieee.vital_timing
Compiling package ieee.vital_primitives
Compiling package unisim.vpkg
Compiling package unisim.vcomponents
Compiling package ieee.std_logic_unsigned
Compiling package synopsys.attributes
Compiling package ieee.std_logic_misc
Compiling package xilinx_vip.axi_vip_pkg
Compiling package xilinx_vip.xil_common_vip_pkg
Compiling package std.std
Compiling package smartconnect_v1_0.sc_util_v1_0_4_pkg
Compiling architecture implementation of entity axi_bram_ctrl_v4_1_4.sng_port_arb [\sng_port_arb(c_s_axi_addr_width...]
Compiling architecture implementation of entity axi_bram_ctrl_v4_1_4.wrap_brst [\wrap_brst(c_axi_addr_width=13,c...]
Compiling architecture muxcy_v of entity unisim.MUXCY [muxcy_default]
Compiling architecture muxcy_l_v of entity unisim.MUXCY_L [muxcy_l_default]
Compiling architecture xorcy_v of entity unisim.XORCY [xorcy_default]
Compiling architecture srl16e_v of entity unisim.SRL16E [\SRL16E(0,15)\]
Compiling architecture fdre_v of entity unisim.FDRE [fdre_default]
Compiling architecture fdr_v of entity unisim.FDR [fdr_default]
Compiling architecture imp of entity axi_bram_ctrl_v4_1_4.SRL_FIFO [\SRL_FIFO(c_data_bits=1,c_depth=...]
Compiling architecture implementation of entity axi_bram_ctrl_v4_1_4.wr_chnl [\wr_chnl(c_axi_addr_width=13,c_a...]
Compiling architecture implementation of entity axi_bram_ctrl_v4_1_4.rd_chnl [\rd_chnl(c_axi_addr_width=13,c_a...]
Compiling architecture implementation of entity axi_bram_ctrl_v4_1_4.full_axi [\full_axi(c_s_axi_addr_width=13,...]
Compiling architecture implementation of entity axi_bram_ctrl_v4_1_4.axi_bram_ctrl_top [\axi_bram_ctrl_top(c_bram_addr_w...]
Compiling architecture implementation of entity axi_bram_ctrl_v4_1_4.axi_bram_ctrl [\axi_bram_ctrl(c_memory_depth=20...]
Compiling architecture design_1_axi_bram_ctrl_0_0_arch of entity xil_defaultlib.design_1_axi_bram_ctrl_0_0 [design_1_axi_bram_ctrl_0_0_defau...]
Compiling module blk_mem_gen_v8_4_4.blk_mem_gen_v8_4_4_output_stage(...
Compiling module blk_mem_gen_v8_4_4.blk_mem_gen_v8_4_4_softecc_outpu...
Compiling module blk_mem_gen_v8_4_4.blk_mem_gen_v8_4_4_mem_module(C_...
Compiling module blk_mem_gen_v8_4_4.blk_mem_gen_v8_4_4(C_FAMILY="zyn...
Compiling module xil_defaultlib.design_1_blk_mem_gen_0_1
Compiling architecture behavioral of entity xil_defaultlib.bram_store [bram_store_default]
Compiling module xil_defaultlib.design_1_bram_store_0_0
Compiling architecture behavioral of entity xil_defaultlib.clk_divider [clk_divider_default]
Compiling module xil_defaultlib.design_1_clk_divider_0_0
Compiling architecture fdre_v of entity unisim.FDRE [\FDRE(init='1')\]
Compiling architecture implementation of entity lib_cdc_v1_0_2.cdc_sync [\cdc_sync(c_vector_width=2,c_mtb...]
Compiling architecture srl16e_v of entity unisim.SRL16E [\SRL16E(init="1111111111111111")...]
Compiling architecture srl16_v of entity unisim.SRL16 [\SRL16(init="1111111111111111")(...]
Compiling architecture imp of entity proc_sys_reset_v5_0_13.lpf [\lpf(c_ext_rst_width=4,c_aux_rst...]
Compiling architecture imp of entity proc_sys_reset_v5_0_13.upcnt_n [\upcnt_n(c_size=6)\]
Compiling architecture imp of entity proc_sys_reset_v5_0_13.sequence_psr [sequence_psr_default]
Compiling architecture imp of entity proc_sys_reset_v5_0_13.proc_sys_reset [\proc_sys_reset(c_family="zynq",...]
Compiling architecture design_1_proc_sys_reset_0_0_arch of entity xil_defaultlib.design_1_proc_sys_reset_0_0 [design_1_proc_sys_reset_0_0_defa...]
Compiling module processing_system7_vip_v1_0_10.processing_system7_vip_v1_0_10_g...
Compiling module processing_system7_vip_v1_0_10.processing_system7_vip_v1_0_10_g...
Compiling module processing_system7_vip_v1_0_10.processing_system7_vip_v1_0_10_a...
Compiling module processing_system7_vip_v1_0_10.processing_system7_vip_v1_0_10_a...
Compiling module processing_system7_vip_v1_0_10.processing_system7_vip_v1_0_10_f...
Compiling module processing_system7_vip_v1_0_10.processing_system7_vip_v1_0_10_a...
Compiling module processing_system7_vip_v1_0_10.processing_system7_vip_v1_0_10_a...
Compiling module processing_system7_vip_v1_0_10.processing_system7_vip_v1_0_10_a...
Compiling module processing_system7_vip_v1_0_10.processing_system7_vip_v1_0_10_a...
Compiling module processing_system7_vip_v1_0_10.processing_system7_vip_v1_0_10_s...
Compiling module processing_system7_vip_v1_0_10.processing_system7_vip_v1_0_10_i...
Compiling module processing_system7_vip_v1_0_10.processing_system7_vip_v1_0_10_s...
Compiling module processing_system7_vip_v1_0_10.processing_system7_vip_v1_0_10_d...
Compiling module processing_system7_vip_v1_0_10.processing_system7_vip_v1_0_10_o...
Compiling module processing_system7_vip_v1_0_10.processing_system7_vip_v1_0_10_o...
Compiling module processing_system7_vip_v1_0_10.processing_system7_vip_v1_0_10_r...
Compiling module processing_system7_vip_v1_0_10.processing_system7_vip_v1_0_10_r...
Compiling module xilinx_vip.axi_vip_axi4pc(WDATA_WIDTH=32,RD...
Compiling module xilinx_vip.cb
Compiling module xilinx_vip.axi_vip_if(C_AXI_PROTOCOL=1,C_AX...
Compiling module axi_vip_v1_1_8.axi_vip_v1_1_8_top(C_AXI_PROTOCO...
Compiling module processing_system7_vip_v1_0_10.processing_system7_vip_v1_0_10_a...
Compiling module processing_system7_vip_v1_0_10.processing_system7_vip_v1_0_10_a...
Compiling module xilinx_vip.axi_vip_axi4pc(WDATA_WIDTH=32,RD...
Compiling module xilinx_vip.cb
Compiling module xilinx_vip.axi_vip_if(C_AXI_PROTOCOL=1,C_AX...
Compiling module axi_vip_v1_1_8.axi_vip_v1_1_8_top(C_AXI_PROTOCO...
WARNING: [VRFC 10-3705] select index 64 into 'wrp_strb' is out of bounds [/wrk/ci/prod/2020.2/sw/continuous/733/packages/customer/vivado/data/ip/xilinx/processing_system7_vip_v1_0/hdl/processing_system7_vip_v1_0_vl_rfs.sv:6134]
Compiling module processing_system7_vip_v1_0_10.processing_system7_vip_v1_0_10_a...
Compiling module processing_system7_vip_v1_0_10.processing_system7_vip_v1_0_10_a...
Compiling module xilinx_vip.axi_vip_axi4pc(PROTOCOL=1,RID_WI...
Compiling module xilinx_vip.cb
Compiling module xilinx_vip.axi_vip_if(C_AXI_PROTOCOL=1,C_AX...
Compiling module axi_vip_v1_1_8.axi_vip_v1_1_8_top(C_AXI_PROTOCO...
Compiling module processing_system7_vip_v1_0_10.processing_system7_vip_v1_0_10_i...
WARNING: [VRFC 10-3705] select index 128 into 'wrp_strb' is out of bounds [/wrk/ci/prod/2020.2/sw/continuous/733/packages/customer/vivado/data/ip/xilinx/processing_system7_vip_v1_0/hdl/processing_system7_vip_v1_0_vl_rfs.sv:10898]
Compiling module processing_system7_vip_v1_0_10.processing_system7_vip_v1_0_10_a...
Compiling module processing_system7_vip_v1_0_10.processing_system7_vip_v1_0_10_a...
Compiling module processing_system7_vip_v1_0_10.processing_system7_vip_v1_0_10_a...
Compiling module processing_system7_vip_v1_0_10.processing_system7_vip_v1_0_10_a...
Compiling module xilinx_vip.axi_vip_axi4pc(PROTOCOL=1,RID_WI...
Compiling module xilinx_vip.cb
Compiling module xilinx_vip.axi_vip_if(C_AXI_PROTOCOL=1,C_AX...
Compiling module axi_vip_v1_1_8.axi_vip_v1_1_8_top(C_AXI_PROTOCO...
WARNING: [VRFC 10-3705] select index 128 into 'wrp_strb' is out of bounds [/wrk/ci/prod/2020.2/sw/continuous/733/packages/customer/vivado/data/ip/xilinx/processing_system7_vip_v1_0/hdl/processing_system7_vip_v1_0_vl_rfs.sv:7772]
WARNING: [VRFC 10-3705] select index 4 into 'wr_fifo_rd_ptr' is out of bounds [/wrk/ci/prod/2020.2/sw/continuous/733/packages/customer/vivado/data/ip/xilinx/processing_system7_vip_v1_0/hdl/processing_system7_vip_v1_0_vl_rfs.sv:7985]
WARNING: [VRFC 10-3705] select index 4 into 'ar_cnt' is out of bounds [/wrk/ci/prod/2020.2/sw/continuous/733/packages/customer/vivado/data/ip/xilinx/processing_system7_vip_v1_0/hdl/processing_system7_vip_v1_0_vl_rfs.sv:8124]
WARNING: [VRFC 10-3705] select index 4 into 'wr_rresp_cnt' is out of bounds [/wrk/ci/prod/2020.2/sw/continuous/733/packages/customer/vivado/data/ip/xilinx/processing_system7_vip_v1_0/hdl/processing_system7_vip_v1_0_vl_rfs.sv:8221]
WARNING: [VRFC 10-3705] select index 4 into 'rd_fifo_wr_ptr' is out of bounds [/wrk/ci/prod/2020.2/sw/continuous/733/packages/customer/vivado/data/ip/xilinx/processing_system7_vip_v1_0/hdl/processing_system7_vip_v1_0_vl_rfs.sv:8240]
WARNING: [VRFC 10-3705] select index 4 into 'rd_cnt' is out of bounds [/wrk/ci/prod/2020.2/sw/continuous/733/packages/customer/vivado/data/ip/xilinx/processing_system7_vip_v1_0/hdl/processing_system7_vip_v1_0_vl_rfs.sv:8381]
WARNING: [VRFC 10-3705] select index 4 into 'rresp_time_cnt' is out of bounds [/wrk/ci/prod/2020.2/sw/continuous/733/packages/customer/vivado/data/ip/xilinx/processing_system7_vip_v1_0/hdl/processing_system7_vip_v1_0_vl_rfs.sv:8386]
WARNING: [VRFC 10-3705] select index 4 into 'rd_fifo_rd_ptr' is out of bounds [/wrk/ci/prod/2020.2/sw/continuous/733/packages/customer/vivado/data/ip/xilinx/processing_system7_vip_v1_0/hdl/processing_system7_vip_v1_0_vl_rfs.sv:8391]
Compiling module processing_system7_vip_v1_0_10.processing_system7_vip_v1_0_10_a...
Compiling module processing_system7_vip_v1_0_10.processing_system7_vip_v1_0_10(C...
Compiling module xil_defaultlib.design_1_processing_system7_0_0
Compiling architecture rtl of entity xil_defaultlib.rx_mod [rx_mod_default]
Compiling module xil_defaultlib.design_1_rx_mod_0_0
Compiling module xlconstant_v1_1_7.xlconstant_v1_1_7_xlconstant(CON...
Compiling module xil_defaultlib.bd_48ac_one_0
Compiling architecture imp of entity proc_sys_reset_v5_0_13.lpf [\lpf(c_ext_rst_width=4,c_aux_rst...]
Compiling architecture imp of entity proc_sys_reset_v5_0_13.proc_sys_reset [\proc_sys_reset(c_family="zynq",...]
Compiling architecture bd_48ac_psr_aclk_0_arch of entity xil_defaultlib.bd_48ac_psr_aclk_0 [bd_48ac_psr_aclk_0_default]
Compiling module xil_defaultlib.clk_map_imp_1NMB928
Compiling module xpm.xpm_cdc_async_rst(DEST_SYNC_FF=3...
Compiling module xil_defaultlib.bd_48ac_m00e_0
Compiling module xil_defaultlib.m00_exit_pipeline_imp_CVVFJV
Compiling module xil_defaultlib.bd_48ac_m00s2a_0
Compiling module xil_defaultlib.bd_48ac_s00a2s_0
Compiling module xil_defaultlib.bd_48ac_s00mmu_0
Compiling module xil_defaultlib.bd_48ac_s00sic_0
Compiling module xil_defaultlib.bd_48ac_s00tr_0
Compiling module xil_defaultlib.s00_entry_pipeline_imp_1C3JDRS
Compiling module xpm.xpm_memory_base(MEMORY_TYPE=1,ME...
Compiling module xpm.xpm_memory_sdpram(MEMORY_SIZE=49...
Compiling module xil_defaultlib.bd_48ac_sarn_0
Compiling module xil_defaultlib.bd_48ac_sawn_0
Compiling module xpm.xpm_memory_base(MEMORY_TYPE=1,ME...
Compiling module xpm.xpm_memory_sdpram(MEMORY_SIZE=73...
Compiling module xil_defaultlib.bd_48ac_sbn_0
Compiling module xpm.xpm_memory_base(MEMORY_TYPE=1,ME...
Compiling module xpm.xpm_memory_sdpram(MEMORY_SIZE=22...
Compiling module xil_defaultlib.bd_48ac_srn_0
Compiling module xpm.xpm_memory_base(MEMORY_TYPE=1,ME...
Compiling module xpm.xpm_memory_sdpram(MEMORY_SIZE=22...
Compiling module xil_defaultlib.bd_48ac_swn_0
Compiling module xil_defaultlib.s00_nodes_imp_1FAO4F6
Compiling module xil_defaultlib.bd_48ac
Compiling module xil_defaultlib.design_1_smartconnect_0_0
Compiling module xlslice_v1_0_2.xlslice_v1_0_2_xlslice(DIN_WIDTH...
Compiling module xil_defaultlib.design_1_xlslice_0_0
Compiling module xil_defaultlib.design_1
Compiling module xil_defaultlib.design_1_wrapper
Compiling module xil_defaultlib.glbl
Built simulation snapshot design_1_wrapper_behav
